# StreamVersion 1.1
ExposeEvent 0 959 0 0 0 0
RenderEvent 0 959 0 0 0 0
MouseMoveEvent 593 425 0 0 0 0
MouseMoveEvent 593 425 0 0 0 0
MouseMoveEvent 593 425 0 0 0 0
MouseMoveEvent 592 424 0 0 0 0
MouseMoveEvent 592 423 0 0 0 0
MouseMoveEvent 591 422 0 0 0 0
MouseMoveEvent 590 421 0 0 0 0
MouseMoveEvent 590 420 0 0 0 0
MouseMoveEvent 590 419 0 0 0 0
MouseMoveEvent 589 418 0 0 0 0
MouseMoveEvent 589 417 0 0 0 0
MouseMoveEvent 587 417 0 0 0 0
MouseMoveEvent 587 416 0 0 0 0
MouseMoveEvent 587 415 0 0 0 0
MouseMoveEvent 587 415 0 0 0 0
MouseMoveEvent 588 415 0 0 0 0
MouseMoveEvent 586 415 0 0 0 0
MouseMoveEvent 586 414 0 0 0 0
MouseMoveEvent 584 414 0 0 0 0
MouseMoveEvent 584 413 0 0 0 0
MouseMoveEvent 584 412 0 0 0 0
MouseMoveEvent 584 412 0 0 0 0
MouseMoveEvent 584 413 0 0 0 0
LeftButtonPressEvent 584 413 0 0 0 0
StartInteractionEvent 584 413 0 0 0 0
MouseMoveEvent 584 414 0 0 0 0
RenderEvent 584 414 0 0 0 0
InteractionEvent 584 414 0 0 0 0
MouseMoveEvent 584 416 0 0 0 0
RenderEvent 584 416 0 0 0 0
InteractionEvent 584 416 0 0 0 0
MouseMoveEvent 584 418 0 0 0 0
RenderEvent 584 418 0 0 0 0
InteractionEvent 584 418 0 0 0 0
MouseMoveEvent 586 423 0 0 0 0
RenderEvent 586 423 0 0 0 0
InteractionEvent 586 423 0 0 0 0
MouseMoveEvent 587 429 0 0 0 0
RenderEvent 587 429 0 0 0 0
InteractionEvent 587 429 0 0 0 0
MouseMoveEvent 588 437 0 0 0 0
RenderEvent 588 437 0 0 0 0
InteractionEvent 588 437 0 0 0 0
MouseMoveEvent 589 450 0 0 0 0
RenderEvent 589 450 0 0 0 0
InteractionEvent 589 450 0 0 0 0
MouseMoveEvent 590 456 0 0 0 0
RenderEvent 590 456 0 0 0 0
InteractionEvent 590 456 0 0 0 0
MouseMoveEvent 590 461 0 0 0 0
RenderEvent 590 461 0 0 0 0
InteractionEvent 590 461 0 0 0 0
MouseMoveEvent 590 466 0 0 0 0
RenderEvent 590 466 0 0 0 0
InteractionEvent 590 466 0 0 0 0
MouseMoveEvent 590 471 0 0 0 0
RenderEvent 590 471 0 0 0 0
InteractionEvent 590 471 0 0 0 0
MouseMoveEvent 591 478 0 0 0 0
RenderEvent 591 478 0 0 0 0
InteractionEvent 591 478 0 0 0 0
MouseMoveEvent 593 486 0 0 0 0
RenderEvent 593 486 0 0 0 0
InteractionEvent 593 486 0 0 0 0
MouseMoveEvent 594 494 0 0 0 0
RenderEvent 594 494 0 0 0 0
InteractionEvent 594 494 0 0 0 0
MouseMoveEvent 595 505 0 0 0 0
RenderEvent 595 505 0 0 0 0
InteractionEvent 595 505 0 0 0 0
MouseMoveEvent 597 515 0 0 0 0
RenderEvent 597 515 0 0 0 0
InteractionEvent 597 515 0 0 0 0
MouseMoveEvent 599 524 0 0 0 0
RenderEvent 599 524 0 0 0 0
InteractionEvent 599 524 0 0 0 0
MouseMoveEvent 600 535 0 0 0 0
RenderEvent 600 535 0 0 0 0
InteractionEvent 600 535 0 0 0 0
MouseMoveEvent 602 552 0 0 0 0
RenderEvent 602 552 0 0 0 0
InteractionEvent 602 552 0 0 0 0
MouseMoveEvent 606 561 0 0 0 0
RenderEvent 606 561 0 0 0 0
InteractionEvent 606 561 0 0 0 0
MouseMoveEvent 608 572 0 0 0 0
RenderEvent 608 572 0 0 0 0
InteractionEvent 608 572 0 0 0 0
MouseMoveEvent 610 581 0 0 0 0
RenderEvent 610 581 0 0 0 0
InteractionEvent 610 581 0 0 0 0
MouseMoveEvent 612 589 0 0 0 0
RenderEvent 612 589 0 0 0 0
InteractionEvent 612 589 0 0 0 0
MouseMoveEvent 612 595 0 0 0 0
RenderEvent 612 595 0 0 0 0
InteractionEvent 612 595 0 0 0 0
MouseMoveEvent 613 599 0 0 0 0
RenderEvent 613 599 0 0 0 0
InteractionEvent 613 599 0 0 0 0
MouseMoveEvent 614 602 0 0 0 0
RenderEvent 614 602 0 0 0 0
InteractionEvent 614 602 0 0 0 0
MouseMoveEvent 615 604 0 0 0 0
RenderEvent 615 604 0 0 0 0
InteractionEvent 615 604 0 0 0 0
MouseMoveEvent 615 606 0 0 0 0
RenderEvent 615 606 0 0 0 0
InteractionEvent 615 606 0 0 0 0
MouseMoveEvent 615 607 0 0 0 0
RenderEvent 615 607 0 0 0 0
InteractionEvent 615 607 0 0 0 0
MouseMoveEvent 615 606 0 0 0 0
RenderEvent 615 606 0 0 0 0
InteractionEvent 615 606 0 0 0 0
MouseMoveEvent 615 606 0 0 0 0
RenderEvent 615 606 0 0 0 0
InteractionEvent 615 606 0 0 0 0
MouseMoveEvent 615 605 0 0 0 0
RenderEvent 615 605 0 0 0 0
InteractionEvent 615 605 0 0 0 0
MouseMoveEvent 615 604 0 0 0 0
RenderEvent 615 604 0 0 0 0
InteractionEvent 615 604 0 0 0 0
MouseMoveEvent 609 591 0 0 0 0
RenderEvent 609 591 0 0 0 0
InteractionEvent 609 591 0 0 0 0
MouseMoveEvent 603 579 0 0 0 0
RenderEvent 603 579 0 0 0 0
InteractionEvent 603 579 0 0 0 0
MouseMoveEvent 599 564 0 0 0 0
RenderEvent 599 564 0 0 0 0
InteractionEvent 599 564 0 0 0 0
MouseMoveEvent 593 551 0 0 0 0
RenderEvent 593 551 0 0 0 0
InteractionEvent 593 551 0 0 0 0
MouseMoveEvent 586 533 0 0 0 0
RenderEvent 586 533 0 0 0 0
InteractionEvent 586 533 0 0 0 0
MouseMoveEvent 581 516 0 0 0 0
RenderEvent 581 516 0 0 0 0
InteractionEvent 581 516 0 0 0 0
MouseMoveEvent 575 502 0 0 0 0
RenderEvent 575 502 0 0 0 0
InteractionEvent 575 502 0 0 0 0
MouseMoveEvent 568 486 0 0 0 0
RenderEvent 568 486 0 0 0 0
InteractionEvent 568 486 0 0 0 0
MouseMoveEvent 561 476 0 0 0 0
RenderEvent 561 476 0 0 0 0
InteractionEvent 561 476 0 0 0 0
MouseMoveEvent 555 465 0 0 0 0
RenderEvent 555 465 0 0 0 0
InteractionEvent 555 465 0 0 0 0
MouseMoveEvent 552 455 0 0 0 0
RenderEvent 552 455 0 0 0 0
InteractionEvent 552 455 0 0 0 0
MouseMoveEvent 547 447 0 0 0 0
RenderEvent 547 447 0 0 0 0
InteractionEvent 547 447 0 0 0 0
MouseMoveEvent 544 444 0 0 0 0
RenderEvent 544 444 0 0 0 0
InteractionEvent 544 444 0 0 0 0
LeftButtonReleaseEvent 544 444 0 0 0 0
EndInteractionEvent 544 444 0 0 0 0
RenderEvent 544 444 0 0 0 0
