[2022-04-06  09:17:44.984] "D:\python\RenRenMall\renren_mall\factory\factory.py:57" [INFO] : 账户初始化
[2022-04-06  09:17:45.152] "D:\python\RenRenMall\renren_mall\factory\factory.py:59" [INFO] : 账户登录成功
[2022-04-06  09:17:45.249] "D:\python\RenRenMall\renren_mall\factory\factory.py:63" [INFO] : 获取该账户管理的店铺
[2022-04-06  09:17:45.250] "D:\python\RenRenMall\renren_mall\factory\factory.py:65" [INFO] : 店铺初始化，默认获取第一个店铺的管理权，若有多个店铺，可通过self.switch_shop()进行管理权切换
[2022-04-06  09:17:46.762] "D:\python\RenRenMall\renren_mall\factory\factory.py:52" [INFO] : 账号登出成功
[2022-04-06  09:18:30.351] "D:\python\RenRenMall\renren_mall\factory\factory.py:57" [INFO] : 账户初始化
[2022-04-06  09:18:30.510] "D:\python\RenRenMall\renren_mall\factory\factory.py:59" [INFO] : 账户登录成功
[2022-04-06  09:18:30.606] "D:\python\RenRenMall\renren_mall\factory\factory.py:63" [INFO] : 获取该账户管理的店铺
[2022-04-06  09:18:30.606] "D:\python\RenRenMall\renren_mall\factory\factory.py:65" [INFO] : 店铺初始化，默认获取第一个店铺的管理权，若有多个店铺，可通过self.switch_shop()进行管理权切换
[2022-04-06  09:18:32.200] "D:\python\RenRenMall\renren_mall\factory\factory.py:52" [INFO] : 账号登出成功
[2022-04-06  09:23:41.541] "D:\python\RenRenMall\renren_mall\factory\factory.py:57" [INFO] : 账户初始化
[2022-04-06  09:23:41.698] "D:\python\RenRenMall\renren_mall\factory\factory.py:59" [INFO] : 账户登录成功
[2022-04-06  09:23:41.792] "D:\python\RenRenMall\renren_mall\factory\factory.py:63" [INFO] : 获取该账户管理的店铺
[2022-04-06  09:23:41.792] "D:\python\RenRenMall\renren_mall\factory\factory.py:65" [INFO] : 店铺初始化，默认获取第一个店铺的管理权，若有多个店铺，可通过self.switch_shop()进行管理权切换
[2022-04-06  09:23:42.139] "D:\python\RenRenMall\renren_mall\factory\factory.py:52" [INFO] : 账号登出成功
[2022-04-06  09:24:33.858] "D:\python\RenRenMall\renren_mall\factory\factory.py:57" [INFO] : 账户初始化
[2022-04-06  09:24:34.013] "D:\python\RenRenMall\renren_mall\factory\factory.py:59" [INFO] : 账户登录成功
[2022-04-06  09:24:34.107] "D:\python\RenRenMall\renren_mall\factory\factory.py:63" [INFO] : 获取该账户管理的店铺
[2022-04-06  09:24:34.107] "D:\python\RenRenMall\renren_mall\factory\factory.py:65" [INFO] : 店铺初始化，默认获取第一个店铺的管理权，若有多个店铺，可通过self.switch_shop()进行管理权切换
[2022-04-06  09:24:35.341] "D:\python\RenRenMall\renren_mall\factory\factory.py:52" [INFO] : 账号登出成功
[2022-04-06  09:24:51.064] "D:\python\RenRenMall\renren_mall\factory\factory.py:57" [INFO] : 账户初始化
[2022-04-06  09:24:51.218] "D:\python\RenRenMall\renren_mall\factory\factory.py:59" [INFO] : 账户登录成功
[2022-04-06  09:24:51.311] "D:\python\RenRenMall\renren_mall\factory\factory.py:63" [INFO] : 获取该账户管理的店铺
[2022-04-06  09:24:51.311] "D:\python\RenRenMall\renren_mall\factory\factory.py:65" [INFO] : 店铺初始化，默认获取第一个店铺的管理权，若有多个店铺，可通过self.switch_shop()进行管理权切换
[2022-04-06  09:24:51.601] "D:\python\RenRenMall\renren_mall\factory\factory.py:52" [INFO] : 账号登出成功
[2022-04-06  09:28:57.324] "D:\python\RenRenMall\renren_mall\factory\factory.py:57" [INFO] : 账户初始化
[2022-04-06  09:28:57.482] "D:\python\RenRenMall\renren_mall\factory\factory.py:59" [INFO] : 账户登录成功
[2022-04-06  09:28:57.576] "D:\python\RenRenMall\renren_mall\factory\factory.py:63" [INFO] : 获取该账户管理的店铺
[2022-04-06  09:28:57.576] "D:\python\RenRenMall\renren_mall\factory\factory.py:65" [INFO] : 店铺初始化，默认获取第一个店铺的管理权，若有多个店铺，可通过self.switch_shop()进行管理权切换
[2022-04-06  09:28:57.864] "D:\python\RenRenMall\renren_mall\factory\factory.py:52" [INFO] : 账号登出成功
[2022-04-06  09:29:11.147] "D:\python\RenRenMall\renren_mall\factory\factory.py:57" [INFO] : 账户初始化
[2022-04-06  09:29:11.303] "D:\python\RenRenMall\renren_mall\factory\factory.py:59" [INFO] : 账户登录成功
[2022-04-06  09:29:11.394] "D:\python\RenRenMall\renren_mall\factory\factory.py:63" [INFO] : 获取该账户管理的店铺
[2022-04-06  09:29:11.394] "D:\python\RenRenMall\renren_mall\factory\factory.py:65" [INFO] : 店铺初始化，默认获取第一个店铺的管理权，若有多个店铺，可通过self.switch_shop()进行管理权切换
[2022-04-06  09:29:12.688] "D:\python\RenRenMall\renren_mall\factory\factory.py:52" [INFO] : 账号登出成功
[2022-04-06  09:31:11.813] "D:\python\RenRenMall\renren_mall\factory\factory.py:57" [INFO] : 账户初始化
[2022-04-06  09:31:11.970] "D:\python\RenRenMall\renren_mall\factory\factory.py:59" [INFO] : 账户登录成功
[2022-04-06  09:31:12.061] "D:\python\RenRenMall\renren_mall\factory\factory.py:63" [INFO] : 获取该账户管理的店铺
[2022-04-06  09:31:12.061] "D:\python\RenRenMall\renren_mall\factory\factory.py:65" [INFO] : 店铺初始化，默认获取第一个店铺的管理权，若有多个店铺，可通过self.switch_shop()进行管理权切换
[2022-04-06  09:31:13.350] "D:\python\RenRenMall\renren_mall\factory\factory.py:52" [INFO] : 账号登出成功
[2022-04-06  09:31:48.344] "D:\python\RenRenMall\renren_mall\factory\factory.py:57" [INFO] : 账户初始化
[2022-04-06  09:31:48.499] "D:\python\RenRenMall\renren_mall\factory\factory.py:59" [INFO] : 账户登录成功
[2022-04-06  09:31:48.588] "D:\python\RenRenMall\renren_mall\factory\factory.py:63" [INFO] : 获取该账户管理的店铺
[2022-04-06  09:31:48.588] "D:\python\RenRenMall\renren_mall\factory\factory.py:65" [INFO] : 店铺初始化，默认获取第一个店铺的管理权，若有多个店铺，可通过self.switch_shop()进行管理权切换
[2022-04-06  09:31:49.852] "D:\python\RenRenMall\renren_mall\factory\factory.py:52" [INFO] : 账号登出成功
[2022-04-06  09:32:53.160] "D:\python\RenRenMall\renren_mall\factory\factory.py:57" [INFO] : 账户初始化
[2022-04-06  09:32:53.325] "D:\python\RenRenMall\renren_mall\factory\factory.py:59" [INFO] : 账户登录成功
[2022-04-06  09:32:53.421] "D:\python\RenRenMall\renren_mall\factory\factory.py:63" [INFO] : 获取该账户管理的店铺
[2022-04-06  09:32:53.421] "D:\python\RenRenMall\renren_mall\factory\factory.py:65" [INFO] : 店铺初始化，默认获取第一个店铺的管理权，若有多个店铺，可通过self.switch_shop()进行管理权切换
[2022-04-06  09:32:54.611] "D:\python\RenRenMall\test\test.py:25" [INFO] : Done!
[2022-04-06  09:32:54.740] "D:\python\RenRenMall\renren_mall\factory\factory.py:52" [INFO] : 账号登出成功
[2022-04-06  09:38:30.354] "D:\python\RenRenMall\renren_mall\factory\factory.py:57" [INFO] : 账户初始化
[2022-04-06  09:38:30.513] "D:\python\RenRenMall\renren_mall\factory\factory.py:59" [INFO] : 账户登录成功
[2022-04-06  09:38:30.605] "D:\python\RenRenMall\renren_mall\factory\factory.py:63" [INFO] : 获取该账户管理的店铺
[2022-04-06  09:38:30.605] "D:\python\RenRenMall\renren_mall\factory\factory.py:65" [INFO] : 店铺初始化，默认获取第一个店铺的管理权，若有多个店铺，可通过self.switch_shop()进行管理权切换
[2022-04-06  09:38:31.776] "D:\python\RenRenMall\test\test.py:26" [INFO] : Done!
[2022-04-06  09:38:31.912] "D:\python\RenRenMall\renren_mall\factory\factory.py:52" [INFO] : 账号登出成功
[2022-04-06  09:42:01.467] "D:\python\RenRenMall\renren_mall\factory\factory.py:57" [INFO] : 账户初始化
[2022-04-06  09:42:01.624] "D:\python\RenRenMall\renren_mall\factory\factory.py:59" [INFO] : 账户登录成功
[2022-04-06  09:42:01.720] "D:\python\RenRenMall\renren_mall\factory\factory.py:63" [INFO] : 获取该账户管理的店铺
[2022-04-06  09:42:01.720] "D:\python\RenRenMall\renren_mall\factory\factory.py:65" [INFO] : 店铺初始化，默认获取第一个店铺的管理权，若有多个店铺，可通过self.switch_shop()进行管理权切换
[2022-04-06  09:42:02.904] "D:\python\RenRenMall\test\test.py:24" [INFO] : Done!
[2022-04-06  09:42:03.028] "D:\python\RenRenMall\renren_mall\factory\factory.py:52" [INFO] : 账号登出成功
[2022-04-06  10:20:13.833] "D:\python\RenRenMall\RenRen_Shop\factory\factory.py:57" [INFO] : 账户初始化
[2022-04-06  10:20:13.995] "D:\python\RenRenMall\RenRen_Shop\factory\factory.py:59" [INFO] : 账户登录成功
[2022-04-06  10:20:14.088] "D:\python\RenRenMall\RenRen_Shop\factory\factory.py:63" [INFO] : 获取该账户管理的店铺
[2022-04-06  10:20:14.088] "D:\python\RenRenMall\RenRen_Shop\factory\factory.py:65" [INFO] : 店铺初始化，默认获取第一个店铺的管理权，若有多个店铺，可通过self.switch_shop()进行管理权切换
[2022-04-06  10:20:14.358] "D:\python\RenRenMall\RenRen_Shop\factory\factory.py:52" [INFO] : 账号登出成功
